<?xml version="1.0" encoding="UTF-8"?>
<!-- Generated by org.testng.reporters.JUnitReportReporter -->
<testsuite hostname="VijayaKamineni" failures="0" tests="1" name="testCases.TC_002_LoginTest" time="3.140" errors="0" timestamp="2022-12-27T19:06:02 IST" skipped="0">
  <testcase classname="testCases.TC_002_LoginTest" name="testlogin" time="3.140"/>
  <system-out/>
</testsuite> <!-- testCases.TC_002_LoginTest -->
