<?xml version="1.0" encoding="UTF-8"?>
<!-- Generated by org.testng.reporters.JUnitReportReporter -->
<testsuite hostname="VijayaKamineni" failures="0" tests="1" name="testCases.TC_001_AccountRegistrationTest" time="5.717" errors="0" timestamp="2022-12-27T19:06:02 IST" skipped="0">
  <testcase classname="testCases.TC_001_AccountRegistrationTest" name="test_account_Registration" time="5.717"/>
  <system-out/>
</testsuite> <!-- testCases.TC_001_AccountRegistrationTest -->
