<?xml version="1.0" encoding="UTF-8"?>
<!-- Generated by org.testng.reporters.JUnitReportReporter -->
<testsuite hostname="VijayaKamineni" failures="0" tests="6" name="testCases.TC_003_LoginDataDrivenTest" time="61.777" errors="0" timestamp="2022-12-27T18:56:03 IST" skipped="0">
  <testcase classname="testCases.TC_003_LoginDataDrivenTest" name="testloginDDT" time="11.690"/>
  <system-out/>
  <testcase classname="testCases.TC_003_LoginDataDrivenTest" name="testloginDDT" time="12.502"/>
  <system-out/>
  <testcase classname="testCases.TC_003_LoginDataDrivenTest" name="testloginDDT" time="11.465"/>
  <system-out/>
  <testcase classname="testCases.TC_003_LoginDataDrivenTest" name="testloginDDT" time="11.509"/>
  <system-out/>
  <testcase classname="testCases.TC_003_LoginDataDrivenTest" name="testloginDDT" time="2.261"/>
  <system-out/>
  <testcase classname="testCases.TC_003_LoginDataDrivenTest" name="testloginDDT" time="12.350"/>
  <system-out/>
</testsuite> <!-- testCases.TC_003_LoginDataDrivenTest -->
