<?xml version="1.0" encoding="UTF-8"?>
<!-- Generated by org.testng.reporters.JUnitReportReporter -->
<testsuite hostname="VijayaKamineni" failures="0" tests="1" name="testCases.TC_001_AccountRegistrationTest" time="4.977" errors="0" timestamp="2022-12-29T04:59:50 IST" skipped="0">
  <testcase classname="testCases.TC_001_AccountRegistrationTest" name="test_account_Registration" time="4.977"/>
  <system-out/>
</testsuite> <!-- testCases.TC_001_AccountRegistrationTest -->
